<?xml version="1.0" encoding="UTF-8"?>
<!-- Generated by org.testng.reporters.JUnitReportReporter -->
<testsuite hostname="DESKTOP-P3J3C0Q" failures="0" tests="1" name="Assigment.wikiSource" time="11.127" errors="0" timestamp="2022-12-08T12:50:02 IST" skipped="0">
  <testcase classname="Assigment.wikiSource" name="test1" time="11.127"/>
</testsuite> <!-- Assigment.wikiSource -->
