<?xml version="1.0" encoding="UTF-8"?>
<!-- Generated by org.testng.reporters.JUnitReportReporter -->
<testsuite hostname="DESKTOP-P3J3C0Q" failures="0" tests="2" name="Streams.Streams" time="0.067" errors="0" timestamp="2022-04-09T22:19:05 IST" skipped="0">
  <testcase classname="Streams.Streams" name="streammaps" time="0.022"/>
  <testcase classname="Streams.Streams" name="streamFilter" time="0.045"/>
</testsuite> <!-- Streams.Streams -->
