<?xml version="1.0" encoding="UTF-8"?>
<!-- Generated by org.testng.reporters.JUnitReportReporter -->
<testsuite hostname="DESKTOP-P3J3C0Q" failures="0" tests="1" name="Assigment.TestValues" time="0.021" errors="0" timestamp="2022-12-08T12:38:32 IST" skipped="0">
  <testcase classname="Assigment.TestValues" name="compare" time="0.021"/>
</testsuite> <!-- Assigment.TestValues -->
